2024-06-20T05:25:25.722Z - Username: asdfasdf, Password: asdfasdf
2024-06-20T05:26:16.077Z - Username: asdfasdf, Password: asdfasdf
2024-06-20T05:27:11.315Z - Username: testtesttest, Password: sabdasbadabasbasdad
2024-06-20T05:27:11.478Z - Username: testtesttest, Password: sabdasbadabasbasdad
2024-06-20T05:27:11.674Z - Username: testtesttest, Password: sabdasbadabasbasdad
2024-06-20T05:27:11.856Z - Username: testtesttest, Password: sabdasbadabasbasdad
2024-06-20T05:27:12.065Z - Username: testtesttest, Password: sabdasbadabasbasdad
2024-06-20T05:27:15.332Z - Username: testtesttest, Password: sabdasbadabasbasdad
2024-06-20T05:27:15.563Z - Username: testtesttest, Password: sabdasbadabasbasdad
2024-06-20T05:27:15.751Z - Username: testtesttest, Password: sabdasbadabasbasdad
2024-06-20T05:27:15.921Z - Username: testtesttest, Password: sabdasbadabasbasdad
2024-06-20T05:27:16.234Z - Username: testtesttest, Password: sabdasbadabasbasdad
2024-06-20T05:27:16.454Z - Username: testtesttest, Password: sabdasbadabasbasdad
2024-06-20T05:27:16.716Z - Username: testtesttest, Password: sabdasbadabasbasdad
2024-06-20T05:27:16.941Z - Username: testtesttest, Password: sabdasbadabasbasdad
2024-06-20T05:27:19.249Z - Username: asd123q3wrdqwd, Password: sabdasbadabasbasdad
2024-06-20T05:27:19.612Z - Username: asd123q3wrdqwd, Password: sabdasbadabasbasdad
2024-06-20T05:27:19.794Z - Username: asd123q3wrdqwd, Password: sabdasbadabasbasdad
2024-06-20T05:27:19.968Z - Username: asd123q3wrdqwd, Password: sabdasbadabasbasdad
2024-06-20T05:27:21.652Z - Username: asd123q3wrasdasdqwdqwd, Password: sabdasbadabasbasdad
2024-06-20T05:28:30.009Z - Username: aasdf, Password: asdfasdf
2024-06-20T05:28:30.225Z - Username: aasdf, Password: asdfasdf
2024-06-20T05:28:30.435Z - Username: aasdf, Password: asdfasdf
2024-06-20T05:28:30.653Z - Username: aasdf, Password: asdfasdf
2024-06-20T05:28:30.834Z - Username: aasdf, Password: asdfasdf
2024-06-20T05:35:29.887Z - Username: aasdf, Password: asdfasdf
2024-06-20T05:35:41.578Z - Username: 112123123, Password: zxxzczxc
2024-06-20T05:35:49.622Z - Username: 112123123, Password: aasdfasdf
2024-06-20T05:35:50.795Z - Username: 112123123, Password: aasdfasdf
2024-06-20T05:35:50.983Z - Username: 112123123, Password: aasdfasdf
2024-06-20T05:35:51.241Z - Username: 112123123, Password: aasdfasdf
2024-06-20T05:35:51.402Z - Username: 112123123, Password: aasdfasdf
2024-06-20T05:35:51.585Z - Username: 112123123, Password: aasdfasdf
2024-06-20T05:35:51.766Z - Username: 112123123, Password: aasdfasdf
2024-06-20T05:35:58.837Z - Username: <asdfasdf/>, Password: aasdfasdf
2024-06-20T05:35:59.685Z - Username: <asdfasdf/>, Password: aasdfasdf
2024-06-20T05:35:59.854Z - Username: <asdfasdf/>, Password: aasdfasdf
